<?xml version="1.0" encoding="UTF-8"?>
<!-- Generated by org.testng.reporters.JUnitXMLReporter -->
<testsuite ignored="8" hostname="SumedhKrishna" failures="0" tests="11" name="Test" time="2.666" errors="0" timestamp="2024-03-15T15:17:05 EDT">
  <testcase classname="gitApiTests.AddProductTest03" name="validateAddProduct" time="0.587"/>
  <testcase classname="gitApiTests.AddProductTest03" name="validateAddProduct" time="0.587"/>
  <testcase classname="gitApiTests.GetProductDetailsTest02" name="validateGetProductDetails" time="1.422"/>
  <testcase classname="gitApiTests.AddProductTest03" name="validateAddProduct" time="0.588"/>
  <testcase classname="gitApiTests.AddProductTest03" name="validateAddProduct" time="0.588"/>
  <testcase classname="gitApiTests.Get5ProductsTest04" name="validateGet5Products" time="1.463"/>
  <testcase classname="gitApiTests.GetSortedProdectListTC05" name="validateGetSortedProdectList" time="1.534"/>
  <testcase classname="gitApiTests.GetAllCategoryTC06" name="validateGetAllCategory" time="2.018"/>
  <testcase classname="gitApiTests.GetInCategoryTC07" name="validateGetInCategoryTC07" time="0.701"/>
  <testcase classname="gitApiTests.DeleteProductTC09" name="validateDeleteProduct" time="0.828"/>
  <testcase classname="gitApiTests.UpdateProductTC08" name="validateUpdateProductTC" time="1.081"/>
  <testcase classname="gitApiTests.BaseTest" name="@BeforeSuite setUp" time="0.0">
    <ignored/>
  </testcase> <!-- @BeforeSuite setUp -->
  <testcase classname="gitApiTests.BaseTest" name="@BeforeSuite setUp" time="0.0">
    <ignored/>
  </testcase> <!-- @BeforeSuite setUp -->
  <testcase classname="gitApiTests.AddProductTest03" name="validateAddProduct2" time="0.0">
    <ignored/>
  </testcase> <!-- validateAddProduct2 -->
  <testcase classname="gitApiTests.BaseTest" name="@BeforeSuite setUp" time="0.0">
    <ignored/>
  </testcase> <!-- @BeforeSuite setUp -->
  <testcase classname="gitApiTests.BaseTest" name="@BeforeSuite setUp" time="0.0">
    <ignored/>
  </testcase> <!-- @BeforeSuite setUp -->
  <testcase classname="gitApiTests.BaseTest" name="@BeforeSuite setUp" time="0.0">
    <ignored/>
  </testcase> <!-- @BeforeSuite setUp -->
  <testcase classname="gitApiTests.BaseTest" name="@BeforeSuite setUp" time="0.0">
    <ignored/>
  </testcase> <!-- @BeforeSuite setUp -->
  <testcase classname="gitApiTests.BaseTest" name="@BeforeSuite setUp" time="0.0">
    <ignored/>
  </testcase> <!-- @BeforeSuite setUp -->
</testsuite> <!-- Test -->
