<?xml version="1.0" encoding="UTF-8"?>
<!-- Generated by org.testng.reporters.JUnitXMLReporter -->
<testsuite ignored="2" hostname="SumedhKrishna" failures="0" tests="5" name="Test" time="1.577" errors="0" timestamp="2024-03-14T14:09:44 EDT">
  <testcase classname="gitApiTests.AddProductTest03" name="validateAddProduct2" time="0.683"/>
  <testcase classname="gitApiTests.AddProductTest03" name="validateAddProduct2" time="0.722"/>
  <testcase classname="gitApiTests.GetProductDetailsTest02" name="validateGetProductDetails" time="1.38"/>
  <testcase classname="gitApiTests.AddProductTest03" name="validateAddProduct2" time="0.742"/>
  <testcase classname="gitApiTests.AddProductTest03" name="validateAddProduct2" time="0.792"/>
  <testcase classname="gitApiTests.BaseTest" name="@BeforeSuite setUp" time="0.0">
    <ignored/>
  </testcase> <!-- @BeforeSuite setUp -->
  <testcase classname="gitApiTests.AddProductTest03" name="validateAddProduct" time="0.0">
    <ignored/>
  </testcase> <!-- validateAddProduct -->
</testsuite> <!-- Test -->
