<?xml version="1.0" encoding="UTF-8"?>
<!-- Generated by org.testng.reporters.JUnitXMLReporter -->
<testsuite ignored="6" hostname="SumedhKrishna" failures="0" tests="10" name="Test" time="4.131" errors="0" timestamp="2024-03-19T11:12:04 EDT">
  <testcase classname="gitApiTests.GetLimitCartTC12" name="validateGetLimitCart" time="2.207"/>
  <testcase classname="gitApiTests.GetSingleCartTC11" name="validateGetSingleCart" time="2.746"/>
  <testcase classname="gitApiTests.GetSortedCartListTC13" name="validateGetSortedCartList" time="2.747"/>
  <testcase classname="gitApiTests.GetCartListInDateRangeTC14" name="validateGetCartListInDateRange" time="2.793"/>
  <testcase classname="gitApiTests.GetUserCartTC15" name="validateGetUserCart" time="1.085"/>
  <testcase classname="gitApiTests.GetAllCartTC10" name="vaidateGetAllCart" time="3.303"/>
  <testcase classname="gitApiTests.AddNewCartTC16" name="validateAddNewCart" time="0.564"/>
  <testcase classname="gitApiTests.AddNewCartTC16" name="validateAddNewCart" time="0.567"/>
  <testcase classname="gitApiTests.AddNewCartTC16" name="validateAddNewCart" time="0.569"/>
  <testcase classname="gitApiTests.AddNewCartTC16" name="validateAddNewCart" time="0.572"/>
  <testcase classname="gitApiTests.BaseTest" name="@BeforeSuite setUp" time="0.0">
    <ignored/>
  </testcase> <!-- @BeforeSuite setUp -->
  <testcase classname="gitApiTests.BaseTest" name="@BeforeSuite setUp" time="0.0">
    <ignored/>
  </testcase> <!-- @BeforeSuite setUp -->
  <testcase classname="gitApiTests.BaseTest" name="@BeforeSuite setUp" time="0.0">
    <ignored/>
  </testcase> <!-- @BeforeSuite setUp -->
  <testcase classname="gitApiTests.BaseTest" name="@BeforeSuite setUp" time="0.0">
    <ignored/>
  </testcase> <!-- @BeforeSuite setUp -->
  <testcase classname="gitApiTests.BaseTest" name="@BeforeSuite setUp" time="0.0">
    <ignored/>
  </testcase> <!-- @BeforeSuite setUp -->
  <testcase classname="gitApiTests.BaseTest" name="@BeforeSuite setUp" time="0.0">
    <ignored/>
  </testcase> <!-- @BeforeSuite setUp -->
</testsuite> <!-- Test -->
