<?xml version="1.0" encoding="UTF-8"?>
<!-- Generated by org.testng.reporters.JUnitXMLReporter -->
<testsuite ignored="1" hostname="SumedhKrishna" failures="0" tests="2" name="Test" time="3.87" errors="0" timestamp="2024-03-18T09:58:59 EDT">
  <testcase classname="gitApiTests.GetAllCartTC10" name="vaidateGetAllCart" time="2.797"/>
  <testcase classname="gitApiTests.GetSingleCartTC11" name="validateGetSingleCart" time="0.873"/>
  <testcase classname="gitApiTests.BaseTest" name="@BeforeSuite setUp" time="0.0">
    <ignored/>
  </testcase> <!-- @BeforeSuite setUp -->
</testsuite> <!-- Test -->
