<?xml version="1.0" encoding="UTF-8"?>
<!-- Generated by org.testng.reporters.JUnitXMLReporter -->
<testsuite ignored="0" hostname="SumedhKrishna" failures="1" tests="1" name="Test" time="2.129" errors="0" timestamp="2024-03-12T17:31:19 EDT">
  <testcase classname="gitApiTests.getAllRepoTest01" name="validateGetAllRepoFromGit" time="1.942">
    <failure type="java.lang.AssertionError" message="For Report">
      <![CDATA[java.lang.AssertionError: For Report
at org.hamcrest.MatcherAssert.assertThat(MatcherAssert.java:26)
at gitApiTests.getAllRepoTest01.validateGetAllRepoFromGit(getAllRepoTest01.java:111)
at java.base/java.util.ArrayList.forEach(ArrayList.java:1511)
... Removed 31 stack frames]]>
    </failure>
  </testcase> <!-- validateGetAllRepoFromGit -->
</testsuite> <!-- Test -->
