<?xml version="1.0" encoding="UTF-8"?>
<testsuite xmlns:xsi="http://www.w3.org/2001/XMLSchema-instance" xsi:noNamespaceSchemaLocation="https://maven.apache.org/surefire/maven-surefire-plugin/xsd/surefire-test-report-3.0.xsd" version="3.0" name="TestSuite" time="2.806" tests="5" errors="0" skipped="0" failures="0">
  <properties>
[...]
</properties>
  <testcase name="validateGetProductDetails" classname="gitApiTests.GetProductDetailsTest02" time="0.907">
    <system-out><![CDATA[*****************products
ExtentTestReport14-03-2024-02-28-37.html
22
24
25
27
26
ProductPOJO(titleStr=Lipstick, title=LipstickOgW, price=66, description=Red lip Stick, image=https://i.pravdatar.cc, category=Beauty, extraCellInExcelSheet=null)
ProductPOJO(titleStr=Phone, title=PhoneKpU, price=100, description=Samsung, image=https://i.pravddatar.cc, category=electronic, extraCellInExcelSheet=null)
ProductPOJO(titleStr=Skirt, title=SkirtCIq, price=33, description=Beautiful dress, image=https://i.pdravatar.cc, category=Dress, extraCellInExcelSheet=null)
ProductPOJO(titleStr=Test Product, title=Test ProductEQh, price=13, description=Aadderr, image=https://i.pravatar.cc, category=electronic, extraCellInExcelSheet=null)
]]></system-out>
    <system-err><![CDATA[SLF4J: No SLF4J providers were found.
SLF4J: Defaulting to no-operation (NOP) logger implementation
SLF4J: See https://www.slf4j.org/codes.html#noProviders for further details.
ERROR StatusLogger Log4j2 could not find a logging implementation. Please add log4j-core to the classpath. Using SimpleLogger to log to the console...
]]></system-err>
  </testcase>
  <testcase name="validateAddProduct2[ProductPOJO(titleStr=Skirt, title=SkirtCIq, price=33, description=Beautiful dress, image=https://i.pdravatar.cc, category=Dress, extraCellInExcelSheet=null)](4)" classname="gitApiTests.AddProductTest03" time="0.921">
    <system-out><![CDATA[{
    "id": 21
}
{
    "id": 21
}
{
    "id": 21
}
{
    "id": 21
}
]]></system-out>
  </testcase>
  <testcase name="validateAddProduct2[ProductPOJO(titleStr=Phone, title=PhoneKpU, price=100, description=Samsung, image=https://i.pravddatar.cc, category=electronic, extraCellInExcelSheet=null)](4)" classname="gitApiTests.AddProductTest03" time="0.921"/>
  <testcase name="validateAddProduct2[ProductPOJO(titleStr=Lipstick, title=LipstickOgW, price=66, description=Red lip Stick, image=https://i.pravdatar.cc, category=Beauty, extraCellInExcelSheet=null)](4)" classname="gitApiTests.AddProductTest03" time="0.921"/>
  <testcase name="validateAddProduct2[ProductPOJO(titleStr=Test Product, title=Test ProductEQh, price=13, description=Aadderr, image=https://i.pravatar.cc, category=electronic, extraCellInExcelSheet=null)](4)" classname="gitApiTests.AddProductTest03" time="0.921"/>
</testsuite>