<?xml version="1.0" encoding="UTF-8"?>
<testng-results ignored="0" total="1" passed="1" failed="0" skipped="0">
  <reporter-output>
  </reporter-output>
  <suite started-at="2024-03-13T11:43:26 EDT" name="Default suite" finished-at="2024-03-13T11:43:26 EDT" duration-ms="377">
    <groups>
    </groups>
    <test started-at="2024-03-13T11:43:26 EDT" name="Default test" finished-at="2024-03-13T11:43:26 EDT" duration-ms="377">
      <class name="javersDemo.JaversTest">
        <test-method signature="test()[pri:0, instance:javersDemo.JaversTest@662ac478]" started-at="2024-03-13T11:43:26 EDT" name="test" finished-at="2024-03-13T11:43:26 EDT" duration-ms="332" status="PASS">
          <reporter-output>
          </reporter-output>
        </test-method> <!-- test -->
      </class> <!-- javersDemo.JaversTest -->
    </test> <!-- Default test -->
  </suite> <!-- Default suite -->
</testng-results>
